<?xml version="1.0" encoding="UTF-8"?><testrun name="TDD" project="teste-de-unidade" tests="3" started="0" failures="0" errors="1" ignored="0">
  <testsuite name="br.com.caelum.leilao.teste.TesteDoAvaliador" incomplete="true" displayname="TesteDoAvaliador" uniqueid="[engine:junit-jupiter]/[class:br.com.caelum.leilao.teste.TesteDoAvaliador]">
    <error>org.junit.platform.commons.JUnitException: @BeforeAll method 'public void br.com.caelum.leilao.teste.TesteDoAvaliador.criaAvaliador()' must be static unless the test class is annotated with @TestInstance(Lifecycle.PER_CLASS).
	at org.junit.jupiter.engine.descriptor.LifecycleMethodUtils.assertStatic(LifecycleMethodUtils.java:59)
	at org.junit.jupiter.engine.descriptor.LifecycleMethodUtils.lambda$findMethodsAndAssertStatic$0(LifecycleMethodUtils.java:83)
	at java.util.ArrayList.forEach(ArrayList.java:1257)
	at java.util.Collections$UnmodifiableCollection.forEach(Collections.java:1082)
	at org.junit.jupiter.engine.descriptor.LifecycleMethodUtils.findMethodsAndAssertStatic(LifecycleMethodUtils.java:83)
	at org.junit.jupiter.engine.descriptor.LifecycleMethodUtils.findBeforeAllMethods(LifecycleMethodUtils.java:42)
	at org.junit.jupiter.engine.descriptor.ClassTestDescriptor.prepare(ClassTestDescriptor.java:119)
	at org.junit.jupiter.engine.descriptor.ClassTestDescriptor.prepare(ClassTestDescriptor.java:61)
	at org.junit.platform.engine.support.hierarchical.HierarchicalTestExecutor.execute(HierarchicalTestExecutor.java:60)
	at org.junit.platform.engine.support.hierarchical.HierarchicalTestExecutor.lambda$null$2(HierarchicalTestExecutor.java:92)
	at java.util.stream.ForEachOps$ForEachOp$OfRef.accept(ForEachOps.java:183)
	at java.util.stream.ReferencePipeline$2$1.accept(ReferencePipeline.java:175)
	at java.util.Iterator.forEachRemaining(Iterator.java:116)
	at java.util.Spliterators$IteratorSpliterator.forEachRemaining(Spliterators.java:1801)
	at java.util.stream.AbstractPipeline.copyInto(AbstractPipeline.java:482)
	at java.util.stream.AbstractPipeline.wrapAndCopyInto(AbstractPipeline.java:472)
	at java.util.stream.ForEachOps$ForEachOp.evaluateSequential(ForEachOps.java:150)
	at java.util.stream.ForEachOps$ForEachOp$OfRef.evaluateSequential(ForEachOps.java:173)
	at java.util.stream.AbstractPipeline.evaluate(AbstractPipeline.java:234)
	at java.util.stream.ReferencePipeline.forEach(ReferencePipeline.java:485)
	at org.junit.platform.engine.support.hierarchical.HierarchicalTestExecutor.lambda$execute$3(HierarchicalTestExecutor.java:92)
	at org.junit.platform.engine.support.hierarchical.SingleTestExecutor.executeSafely(SingleTestExecutor.java:66)
	at org.junit.platform.engine.support.hierarchical.HierarchicalTestExecutor.execute(HierarchicalTestExecutor.java:77)
	at org.junit.platform.engine.support.hierarchical.HierarchicalTestExecutor.execute(HierarchicalTestExecutor.java:51)
	at org.junit.platform.engine.support.hierarchical.HierarchicalTestEngine.execute(HierarchicalTestEngine.java:43)
	at org.junit.platform.launcher.core.DefaultLauncher.execute(DefaultLauncher.java:170)
	at org.junit.platform.launcher.core.DefaultLauncher.execute(DefaultLauncher.java:154)
	at org.junit.platform.launcher.core.DefaultLauncher.execute(DefaultLauncher.java:90)
	at org.eclipse.jdt.internal.junit5.runner.JUnit5TestReference.run(JUnit5TestReference.java:86)
	at org.eclipse.jdt.internal.junit.runner.TestExecution.run(TestExecution.java:38)
	at org.eclipse.jdt.internal.junit.runner.RemoteTestRunner.runTests(RemoteTestRunner.java:538)
	at org.eclipse.jdt.internal.junit.runner.RemoteTestRunner.runTests(RemoteTestRunner.java:760)
	at org.eclipse.jdt.internal.junit.runner.RemoteTestRunner.run(RemoteTestRunner.java:460)
	at org.eclipse.jdt.internal.junit.runner.RemoteTestRunner.main(RemoteTestRunner.java:206)

</error>
    <testcase name="deveEntenderLancesComApenasUmLance" classname="br.com.caelum.leilao.teste.TesteDoAvaliador" incomplete="true" displayname="deveEntenderLancesComApenasUmLance()" uniqueid="[engine:junit-jupiter]/[class:br.com.caelum.leilao.teste.TesteDoAvaliador]/[method:deveEntenderLancesComApenasUmLance()]"/>
    <testcase name="deveEncontrarOsTresMaioresLances" classname="br.com.caelum.leilao.teste.TesteDoAvaliador" incomplete="true" displayname="deveEncontrarOsTresMaioresLances()" uniqueid="[engine:junit-jupiter]/[class:br.com.caelum.leilao.teste.TesteDoAvaliador]/[method:deveEncontrarOsTresMaioresLances()]"/>
    <testcase name="deveEntenderLancesEmOrdemCrescente" classname="br.com.caelum.leilao.teste.TesteDoAvaliador" incomplete="true" displayname="deveEntenderLancesEmOrdemCrescente()" uniqueid="[engine:junit-jupiter]/[class:br.com.caelum.leilao.teste.TesteDoAvaliador]/[method:deveEntenderLancesEmOrdemCrescente()]"/>
  </testsuite>
</testrun>
